# project noname (1.0) configured on Mon Apr 29 03:18:24 2013 by
# waf 1.5.16 (abi 7, python 20703f0 on linux2)
# using /usr/local/bin/node-waf configure
#

----------------------------------------
Setting srcdir to
/home/robo/Lazyvlc-remote

----------------------------------------
Setting blddir to
/home/robo/Lazyvlc-remote/build

----------------------------------------
Checking for program g++ or c++
  find program=['g++', 'c++'] paths=[] var='CXX'
  -> '/usr/lib64/ccache/g++'

----------------------------------------
Checking for program cpp
  find program=['cpp'] paths=[] var='CPP'
  -> '/usr/bin/cpp'

----------------------------------------
Checking for program ar
  find program=['ar'] paths=[] var='AR'
  -> '/usr/bin/ar'

----------------------------------------
Checking for program ranlib
  find program=['ranlib'] paths=[] var='RANLIB'
  -> '/usr/bin/ranlib'

----------------------------------------
Checking for g++ 
ok 

----------------------------------------
Checking for node path 
not found

----------------------------------------
Checking for node prefix 
ok /usr/local

----------------------------------------
Checking for lua
pkg-config --errors-to-stdout --print-errors --cflags --libs lua
 -llua -lm -ldl  
yes
